-------------------------------------------------------------------------------
Test set: voting.service.UserServiceImplTest
-------------------------------------------------------------------------------
Tests run: 1, Failures: 1, Errors: 0, Skipped: 0, Time elapsed: 0.08 s <<< FAILURE! - in voting.service.UserServiceImplTest
test  Time elapsed: 0.044 s  <<< FAILURE!
org.opentest4j.AssertionFailedError: expected: <true> but was: <false>
	at voting.service.UserServiceImplTest.test(UserServiceImplTest.java:10)

